Сборка начата 21.02.2024 1:34:50.
Уровень детализации журнала: Normal.     1>Проект "D:\education\raboti\Labi\OAiP_2sem\lab15\lab15\lab15\lab15.vcxproj" в узле 2 (целевые объекты Build).
     1>InitializeBuildStatus:
         Создание "x64\Debug\lab15.tlog\unsuccessfulbuild", так как было задано "AlwaysCreate".
         Обращение к "x64\Debug\lab15.tlog\unsuccessfulbuild".
       ClCompile:
         C:\Program Files\Microsoft Visual Studio\2022\Community\VC\Tools\MSVC\14.37.32822\bin\HostX64\x64\CL.exe /c /ZI /JMC /nologo /W3 /WX- /diagnostics:column /sdl /Od /D _DEBUG /D _CONSOLE /D _UNICODE /D UNICODE /Gm- /EHsc /RTC1 /MDd /GS /fp:precise /Zc:wchar_t /Zc:forScope /Zc:inline /permissive- /Fo"x64\Debug\\" /Fd"x64\Debug\vc143.pdb" /external:W3 /Gd /TP /FC /errorReport:prompt lab15.cpp
         lab15.cpp
     1>D:\education\raboti\Labi\OAiP_2sem\lab15\lab15\lab15\lab15.cpp(23,15): warning C4244: аргумент: преобразование "time_t" в "unsigned int", возможна потеря данных
     1>D:\education\raboti\Labi\OAiP_2sem\lab15\lab15\lab15\lab15.cpp(66,9): warning C4101: buf: неиспользованная локальная переменная
       Link:
         C:\Program Files\Microsoft Visual Studio\2022\Community\VC\Tools\MSVC\14.37.32822\bin\HostX64\x64\link.exe /ERRORREPORT:PROMPT /OUT:"D:\education\raboti\Labi\OAiP_2sem\lab15\lab15\x64\Debug\lab15.exe" /INCREMENTAL /ILK:"x64\Debug\lab15.ilk" /NOLOGO kernel32.lib user32.lib gdi32.lib winspool.lib comdlg32.lib advapi32.lib shell32.lib ole32.lib oleaut32.lib uuid.lib odbc32.lib odbccp32.lib /MANIFEST /MANIFESTUAC:"level='asInvoker' uiAccess='false'" /manifest:embed /DEBUG /PDB:"D:\education\raboti\Labi\OAiP_2sem\lab15\lab15\x64\Debug\lab15.pdb" /SUBSYSTEM:CONSOLE /TLBID:1 /DYNAMICBASE /NXCOMPAT /IMPLIB:"D:\education\raboti\Labi\OAiP_2sem\lab15\lab15\x64\Debug\lab15.lib" /MACHINE:X64 x64\Debug\lab15.obj
         lab15.vcxproj -> D:\education\raboti\Labi\OAiP_2sem\lab15\lab15\x64\Debug\lab15.exe
       FinalizeBuildStatus:
         Файл "x64\Debug\lab15.tlog\unsuccessfulbuild" удаляется.
         Обращение к "x64\Debug\lab15.tlog\lab15.lastbuildstate".
     1>Сборка проекта "D:\education\raboti\Labi\OAiP_2sem\lab15\lab15\lab15\lab15.vcxproj" завершена (целевые объекты Build).

Сборка успешно завершена.

       "D:\education\raboti\Labi\OAiP_2sem\lab15\lab15\lab15\lab15.vcxproj" (целевой объект Build ) (1) ->
       (Целевой объект ClCompile) -> 
         D:\education\raboti\Labi\OAiP_2sem\lab15\lab15\lab15\lab15.cpp(23,15): warning C4244: аргумент: преобразование "time_t" в "unsigned int", возможна потеря данных
         D:\education\raboti\Labi\OAiP_2sem\lab15\lab15\lab15\lab15.cpp(66,9): warning C4101: buf: неиспользованная локальная переменная

    Предупреждений: 2
    Ошибок: 0

Прошло времени 00:00:00.51
