Сборка начата 06.02.2024 11:39:31.
Уровень детализации журнала: Normal.     1>Проект "D:\education\raboti\Labi\OAiP_2sem\lab8\lab8\lab8\lab8.vcxproj" в узле 2 (целевые объекты Build).
     1>InitializeBuildStatus:
         Обращение к "x64\Debug\lab8.tlog\unsuccessfulbuild".
       ClCompile:
         C:\Program Files\Microsoft Visual Studio\2022\Community\VC\Tools\MSVC\14.37.32822\bin\HostX64\x64\CL.exe /c /ZI /JMC /nologo /W3 /WX- /diagnostics:column /sdl /Od /D _DEBUG /D _CONSOLE /D _UNICODE /D UNICODE /Gm- /EHsc /RTC1 /MDd /GS /fp:precise /Zc:wchar_t /Zc:forScope /Zc:inline /permissive- /Fo"x64\Debug\\" /Fd"x64\Debug\vc143.pdb" /external:W3 /Gd /TP /FC /errorReport:prompt lab8.cpp
         lab8.cpp
     1>D:\education\raboti\Labi\OAiP_2sem\lab8\lab8\lab8\lab8.cpp(138): warning C4715: elemBetween: значение возвращается не при всех путях выполнения
       Link:
         C:\Program Files\Microsoft Visual Studio\2022\Community\VC\Tools\MSVC\14.37.32822\bin\HostX64\x64\link.exe /ERRORREPORT:PROMPT /OUT:"D:\education\raboti\Labi\OAiP_2sem\lab8\lab8\x64\Debug\lab8.exe" /INCREMENTAL /ILK:"x64\Debug\lab8.ilk" /NOLOGO kernel32.lib user32.lib gdi32.lib winspool.lib comdlg32.lib advapi32.lib shell32.lib ole32.lib oleaut32.lib uuid.lib odbc32.lib odbccp32.lib /MANIFEST /MANIFESTUAC:"level='asInvoker' uiAccess='false'" /manifest:embed /DEBUG /PDB:"D:\education\raboti\Labi\OAiP_2sem\lab8\lab8\x64\Debug\lab8.pdb" /SUBSYSTEM:CONSOLE /TLBID:1 /DYNAMICBASE /NXCOMPAT /IMPLIB:"D:\education\raboti\Labi\OAiP_2sem\lab8\lab8\x64\Debug\lab8.lib" /MACHINE:X64 x64\Debug\lab8.obj
         lab8.vcxproj -> D:\education\raboti\Labi\OAiP_2sem\lab8\lab8\x64\Debug\lab8.exe
       FinalizeBuildStatus:
         Файл "x64\Debug\lab8.tlog\unsuccessfulbuild" удаляется.
         Обращение к "x64\Debug\lab8.tlog\lab8.lastbuildstate".
     1>Сборка проекта "D:\education\raboti\Labi\OAiP_2sem\lab8\lab8\lab8\lab8.vcxproj" завершена (целевые объекты Build).

Сборка успешно завершена.

       "D:\education\raboti\Labi\OAiP_2sem\lab8\lab8\lab8\lab8.vcxproj" (целевой объект Build ) (1) ->
       (Целевой объект ClCompile) -> 
         D:\education\raboti\Labi\OAiP_2sem\lab8\lab8\lab8\lab8.cpp(138): warning C4715: elemBetween: значение возвращается не при всех путях выполнения

    Предупреждений: 1
    Ошибок: 0

Прошло времени 00:00:00.46
