Сборка начата 11.02.2024 15:17:09.
Уровень детализации журнала: Normal.     1>Проект "D:\education\raboti\Labi\OAiP_2sem\lab10\lab10-2\lab10-4\lab10-4.vcxproj" в узле 2 (целевые объекты Build).
     1>InitializeBuildStatus:
         Создание "x64\Debug\lab10-4.tlog\unsuccessfulbuild", так как было задано "AlwaysCreate".
         Обращение к "x64\Debug\lab10-4.tlog\unsuccessfulbuild".
       ClCompile:
         C:\Program Files\Microsoft Visual Studio\2022\Community\VC\Tools\MSVC\14.37.32822\bin\HostX64\x64\CL.exe /c /ZI /JMC /nologo /W3 /WX- /diagnostics:column /sdl /Od /D _DEBUG /D _CONSOLE /D _UNICODE /D UNICODE /Gm- /EHsc /RTC1 /MDd /GS /fp:precise /Zc:wchar_t /Zc:forScope /Zc:inline /permissive- /Fo"x64\Debug\\" /Fd"x64\Debug\vc143.pdb" /external:W3 /Gd /TP /FC /errorReport:prompt "lab10-4.cpp"
         lab10-4.cpp
     1>D:\education\raboti\Labi\OAiP_2sem\lab10\lab10-2\lab10-4\lab10-4.cpp(8,41): warning C4244: аргумент: преобразование "double" в "int", возможна потеря данных
     1>D:\education\raboti\Labi\OAiP_2sem\lab10\lab10-2\lab10-4\lab10-4.cpp(8,27): warning C4244: return: преобразование "double" в "int", возможна потеря данных
       Link:
         C:\Program Files\Microsoft Visual Studio\2022\Community\VC\Tools\MSVC\14.37.32822\bin\HostX64\x64\link.exe /ERRORREPORT:PROMPT /OUT:"D:\education\raboti\Labi\OAiP_2sem\lab10\lab10-2\x64\Debug\lab10-4.exe" /INCREMENTAL /ILK:"x64\Debug\lab10-4.ilk" /NOLOGO kernel32.lib user32.lib gdi32.lib winspool.lib comdlg32.lib advapi32.lib shell32.lib ole32.lib oleaut32.lib uuid.lib odbc32.lib odbccp32.lib /MANIFEST /MANIFESTUAC:"level='asInvoker' uiAccess='false'" /manifest:embed /DEBUG /PDB:"D:\education\raboti\Labi\OAiP_2sem\lab10\lab10-2\x64\Debug\lab10-4.pdb" /SUBSYSTEM:CONSOLE /TLBID:1 /DYNAMICBASE /NXCOMPAT /IMPLIB:"D:\education\raboti\Labi\OAiP_2sem\lab10\lab10-2\x64\Debug\lab10-4.lib" /MACHINE:X64 "x64\Debug\lab10-4.obj"
         lab10-4.vcxproj -> D:\education\raboti\Labi\OAiP_2sem\lab10\lab10-2\x64\Debug\lab10-4.exe
       FinalizeBuildStatus:
         Файл "x64\Debug\lab10-4.tlog\unsuccessfulbuild" удаляется.
         Обращение к "x64\Debug\lab10-4.tlog\lab10-4.lastbuildstate".
     1>Сборка проекта "D:\education\raboti\Labi\OAiP_2sem\lab10\lab10-2\lab10-4\lab10-4.vcxproj" завершена (целевые объекты Build).

Сборка успешно завершена.

       "D:\education\raboti\Labi\OAiP_2sem\lab10\lab10-2\lab10-4\lab10-4.vcxproj" (целевой объект Build ) (1) ->
       (Целевой объект ClCompile) -> 
         D:\education\raboti\Labi\OAiP_2sem\lab10\lab10-2\lab10-4\lab10-4.cpp(8,41): warning C4244: аргумент: преобразование "double" в "int", возможна потеря данных
         D:\education\raboti\Labi\OAiP_2sem\lab10\lab10-2\lab10-4\lab10-4.cpp(8,27): warning C4244: return: преобразование "double" в "int", возможна потеря данных

    Предупреждений: 2
    Ошибок: 0

Прошло времени 00:00:00.61
