Сборка начата 09.02.2024 15:05:55.
Уровень детализации журнала: Normal.     1>Проект "D:\education\raboti\Labi\OAiP_2sem\lab2\lab2-2-1\lab2-2-1\lab2-2-1.vcxproj" в узле 2 (целевые объекты Build).
     1>InitializeBuildStatus:
         Создание "x64\Debug\lab2-2-1.tlog\unsuccessfulbuild", так как было задано "AlwaysCreate".
         Обращение к "x64\Debug\lab2-2-1.tlog\unsuccessfulbuild".
       ClCompile:
         C:\Program Files\Microsoft Visual Studio\2022\Community\VC\Tools\MSVC\14.37.32822\bin\HostX64\x64\CL.exe /c /ZI /JMC /nologo /W3 /WX- /diagnostics:column /sdl /Od /D _DEBUG /D _CONSOLE /D _UNICODE /D UNICODE /Gm- /EHsc /RTC1 /MDd /GS /fp:precise /Zc:wchar_t /Zc:forScope /Zc:inline /permissive- /Fo"x64\Debug\\" /Fd"x64\Debug\vc143.pdb" /external:W3 /Gd /TP /FC /errorReport:prompt "lab2-2-1.cpp"
         lab2-2-1.cpp
     1>D:\education\raboti\Labi\OAiP_2sem\lab2\lab2-2-1\lab2-2-1\lab2-2-1.cpp(54,28): warning C4477: "fscanf_s": в строке форматирования "%d" требуется аргумент типа "int *", но вариативный аргумент "1" имеет тип "float *"
     1>D:\education\raboti\Labi\OAiP_2sem\lab2\lab2-2-1\lab2-2-1\lab2-2-1.cpp(54,45): warning C4474: "fscanf_s" : для строки формата передано слишком много аргументов
       D:\education\raboti\Labi\OAiP_2sem\lab2\lab2-2-1\lab2-2-1\lab2-2-1.cpp(54,45): message : заполнители и их параметры ожидают переменное число аргументов в количестве 1, но было предоставлено 2
     1>D:\education\raboti\Labi\OAiP_2sem\lab2\lab2-2-1\lab2-2-1\lab2-2-1.cpp(55,25): warning C4477: "fscanf_s": в строке форматирования "%d" требуется аргумент типа "int *", но вариативный аргумент "1" имеет тип "float *"
     1>D:\education\raboti\Labi\OAiP_2sem\lab2\lab2-2-1\lab2-2-1\lab2-2-1.cpp(55,42): warning C4474: "fscanf_s" : для строки формата передано слишком много аргументов
       D:\education\raboti\Labi\OAiP_2sem\lab2\lab2-2-1\lab2-2-1\lab2-2-1.cpp(55,42): message : заполнители и их параметры ожидают переменное число аргументов в количестве 1, но было предоставлено 2
     1>D:\education\raboti\Labi\OAiP_2sem\lab2\lab2-2-1\lab2-2-1\lab2-2-1.cpp(57,24): warning C4477: "fprintf": в строке форматирования "%d" требуется аргумент типа "int", но вариативный аргумент "1" имеет тип "double"
       Link:
         C:\Program Files\Microsoft Visual Studio\2022\Community\VC\Tools\MSVC\14.37.32822\bin\HostX64\x64\link.exe /ERRORREPORT:PROMPT /OUT:"D:\education\raboti\Labi\OAiP_2sem\lab2\lab2-2-1\x64\Debug\lab2-2-1.exe" /INCREMENTAL /ILK:"x64\Debug\lab2-2-1.ilk" /NOLOGO kernel32.lib user32.lib gdi32.lib winspool.lib comdlg32.lib advapi32.lib shell32.lib ole32.lib oleaut32.lib uuid.lib odbc32.lib odbccp32.lib /MANIFEST /MANIFESTUAC:"level='asInvoker' uiAccess='false'" /manifest:embed /DEBUG /PDB:"D:\education\raboti\Labi\OAiP_2sem\lab2\lab2-2-1\x64\Debug\lab2-2-1.pdb" /SUBSYSTEM:CONSOLE /TLBID:1 /DYNAMICBASE /NXCOMPAT /IMPLIB:"D:\education\raboti\Labi\OAiP_2sem\lab2\lab2-2-1\x64\Debug\lab2-2-1.lib" /MACHINE:X64 "x64\Debug\lab2-2-1.obj"
         lab2-2-1.vcxproj -> D:\education\raboti\Labi\OAiP_2sem\lab2\lab2-2-1\x64\Debug\lab2-2-1.exe
       FinalizeBuildStatus:
         Файл "x64\Debug\lab2-2-1.tlog\unsuccessfulbuild" удаляется.
         Обращение к "x64\Debug\lab2-2-1.tlog\lab2-2-1.lastbuildstate".
     1>Сборка проекта "D:\education\raboti\Labi\OAiP_2sem\lab2\lab2-2-1\lab2-2-1\lab2-2-1.vcxproj" завершена (целевые объекты Build).

Сборка успешно завершена.

       "D:\education\raboti\Labi\OAiP_2sem\lab2\lab2-2-1\lab2-2-1\lab2-2-1.vcxproj" (целевой объект Build ) (1) ->
       (Целевой объект ClCompile) -> 
         D:\education\raboti\Labi\OAiP_2sem\lab2\lab2-2-1\lab2-2-1\lab2-2-1.cpp(54,28): warning C4477: "fscanf_s": в строке форматирования "%d" требуется аргумент типа "int *", но вариативный аргумент "1" имеет тип "float *"
         D:\education\raboti\Labi\OAiP_2sem\lab2\lab2-2-1\lab2-2-1\lab2-2-1.cpp(54,45): warning C4474: "fscanf_s" : для строки формата передано слишком много аргументов
         D:\education\raboti\Labi\OAiP_2sem\lab2\lab2-2-1\lab2-2-1\lab2-2-1.cpp(55,25): warning C4477: "fscanf_s": в строке форматирования "%d" требуется аргумент типа "int *", но вариативный аргумент "1" имеет тип "float *"
         D:\education\raboti\Labi\OAiP_2sem\lab2\lab2-2-1\lab2-2-1\lab2-2-1.cpp(55,42): warning C4474: "fscanf_s" : для строки формата передано слишком много аргументов
         D:\education\raboti\Labi\OAiP_2sem\lab2\lab2-2-1\lab2-2-1\lab2-2-1.cpp(57,24): warning C4477: "fprintf": в строке форматирования "%d" требуется аргумент типа "int", но вариативный аргумент "1" имеет тип "double"

    Предупреждений: 5
    Ошибок: 0

Прошло времени 00:00:00.66
