Сборка начата 10.02.2024 12:31:55.
Уровень детализации журнала: Normal.     1>Проект "D:\education\raboti\Labi\OAiP_2sem\lab5\lab5\lab5\lab5.vcxproj" в узле 2 (целевые объекты Build).
     1>C:\Program Files\Microsoft Visual Studio\2022\Community\MSBuild\Microsoft\VC\v170\Microsoft.CppBuild.targets(531,5): warning MSB8028: промежуточный каталог (x64\Debug\) содержит файлы, которые используются совместно с другим проектом (lab5-2.vcxproj).  Это может привести к ошибкам очистки и перестроения.
     1>InitializeBuildStatus:
         Обращение к "x64\Debug\lab5-2-1.tlog\unsuccessfulbuild".
       ClCompile:
         Для всех выходных данных обновления не требуется.
       Link:
         C:\Program Files\Microsoft Visual Studio\2022\Community\VC\Tools\MSVC\14.37.32822\bin\HostX64\x64\link.exe /ERRORREPORT:PROMPT /OUT:"D:\education\raboti\Labi\OAiP_2sem\lab5\lab5\x64\Debug\lab5-2-1.exe" /INCREMENTAL /ILK:"x64\Debug\lab5-2-1.ilk" /NOLOGO kernel32.lib user32.lib gdi32.lib winspool.lib comdlg32.lib advapi32.lib shell32.lib ole32.lib oleaut32.lib uuid.lib odbc32.lib odbccp32.lib /MANIFEST /MANIFESTUAC:"level='asInvoker' uiAccess='false'" /manifest:embed /DEBUG /PDB:"D:\education\raboti\Labi\OAiP_2sem\lab5\lab5\x64\Debug\lab5-2-1.pdb" /SUBSYSTEM:CONSOLE /TLBID:1 /DYNAMICBASE /NXCOMPAT /IMPLIB:"D:\education\raboti\Labi\OAiP_2sem\lab5\lab5\x64\Debug\lab5-2-1.lib" /MACHINE:X64 "x64\Debug\lab5-2-1.obj"
         lab5.vcxproj -> D:\education\raboti\Labi\OAiP_2sem\lab5\lab5\x64\Debug\lab5-2-1.exe
       FinalizeBuildStatus:
         Файл "x64\Debug\lab5-2-1.tlog\unsuccessfulbuild" удаляется.
         Обращение к "x64\Debug\lab5-2-1.tlog\lab5-2-1.lastbuildstate".
     1>Сборка проекта "D:\education\raboti\Labi\OAiP_2sem\lab5\lab5\lab5\lab5.vcxproj" завершена (целевые объекты Build).

Сборка успешно завершена.

       "D:\education\raboti\Labi\OAiP_2sem\lab5\lab5\lab5\lab5.vcxproj" (целевой объект Build ) (1) ->
       (Целевой объект PrepareForBuild) -> 
         C:\Program Files\Microsoft Visual Studio\2022\Community\MSBuild\Microsoft\VC\v170\Microsoft.CppBuild.targets(531,5): warning MSB8028: промежуточный каталог (x64\Debug\) содержит файлы, которые используются совместно с другим проектом (lab5-2.vcxproj).  Это может привести к ошибкам очистки и перестроения.

    Предупреждений: 1
    Ошибок: 0

Прошло времени 00:00:00.09
